Flow report for rw_96x8_sync
Tue May 31 20:55:35 2022
Quartus II 64-Bit Version 13.1.0 Build 162 10/23/2013 SJ Web Edition


---------------------
; Table of Contents ;
---------------------
  1. Legal Notice
  2. Flow Summary
  3. Flow Settings
  4. Flow Non-Default Global Settings
  5. Flow Elapsed Time
  6. Flow OS Summary
  7. Flow Log
  8. Flow Messages
  9. Flow Suppressed Messages



----------------
; Legal Notice ;
----------------
Copyright (C) 1991-2013 Altera Corporation
Your use of Altera Corporation's design tools, logic functions 
and other software and tools, and its AMPP partner logic 
functions, and any output files from any of the foregoing 
(including device programming or simulation files), and any 
associated documentation or information are expressly subject 
to the terms and conditions of the Altera Program License 
Subscription Agreement, Altera MegaCore Function License 
Agreement, or other applicable license agreement, including, 
without limitation, that your use is for the sole purpose of 
programming logic devices manufactured by Altera and sold by 
Altera or its authorized distributors.  Please refer to the 
applicable agreement for further details.



+---------------------------------------------------------------------------------+
; Flow Summary                                                                    ;
+------------------------------------+--------------------------------------------+
; Flow Status                        ; Successful - Tue May 31 20:55:35 2022      ;
; Quartus II 64-Bit Version          ; 13.1.0 Build 162 10/23/2013 SJ Web Edition ;
; Revision Name                      ; rw_96x8_sync                               ;
; Top-level Entity Name              ; rw_96x8_sync                               ;
; Family                             ; Cyclone III                                ;
; Device                             ; EP3C16F484C6                               ;
; Timing Models                      ; Final                                      ;
; Total logic elements               ; 2,336 / 15,408 ( 15 % )                    ;
;     Total combinational functions  ; 1,467 / 15,408 ( 10 % )                    ;
;     Dedicated logic registers      ; 1,760 / 15,408 ( 11 % )                    ;
; Total registers                    ; 1760                                       ;
; Total pins                         ; 26 / 347 ( 7 % )                           ;
; Total virtual pins                 ; 0                                          ;
; Total memory bits                  ; 0 / 516,096 ( 0 % )                        ;
; Embedded Multiplier 9-bit elements ; 0 / 112 ( 0 % )                            ;
; Total PLLs                         ; 0 / 4 ( 0 % )                              ;
+------------------------------------+--------------------------------------------+


+-----------------------------------------+
; Flow Settings                           ;
+-------------------+---------------------+
; Option            ; Setting             ;
+-------------------+---------------------+
; Start date & time ; 05/25/2022 07:43:41 ;
; Main task         ; Compilation         ;
; Revision Name     ; rw_96x8_sync        ;
+-------------------+---------------------+


+--------------------------------------------------------------------------------------------------------------------------------------------------------+
; Flow Non-Default Global Settings                                                                                                                       ;
+-------------------------------------+-------------------------------------------------------------------+---------------+-------------+----------------+
; Assignment Name                     ; Value                                                             ; Default Value ; Entity Name ; Section Id     ;
+-------------------------------------+-------------------------------------------------------------------+---------------+-------------+----------------+
; COMPILER_SIGNATURE_ID               ; 119071795411971.165348262111512                                   ; --            ; --          ; --             ;
; EDA_GENERATE_FUNCTIONAL_NETLIST     ; On                                                                ; --            ; --          ; eda_simulation ;
; EDA_NETLIST_WRITER_OUTPUT_DIR       ; D:/proyectoDig/proyectoDig/proyecto/rw_96x8_sync/simulation/qsim/ ; --            ; --          ; eda_simulation ;
; EDA_OUTPUT_DATA_FORMAT              ; Verilog Hdl                                                       ; --            ; --          ; eda_simulation ;
; EDA_SIMULATION_TOOL                 ; ModelSim-Altera (Verilog)                                         ; <None>        ; --          ; --             ;
; MAX_CORE_JUNCTION_TEMP              ; 85                                                                ; --            ; --          ; --             ;
; MIN_CORE_JUNCTION_TEMP              ; 0                                                                 ; --            ; --          ; --             ;
; NOMINAL_CORE_SUPPLY_VOLTAGE         ; 1.2V                                                              ; --            ; --          ; --             ;
; PARTITION_COLOR                     ; 16764057                                                          ; --            ; --          ; Top            ;
; PARTITION_FITTER_PRESERVATION_LEVEL ; PLACEMENT_AND_ROUTING                                             ; --            ; --          ; Top            ;
; PARTITION_NETLIST_TYPE              ; SOURCE                                                            ; --            ; --          ; Top            ;
; PROJECT_OUTPUT_DIRECTORY            ; output_files                                                      ; --            ; --          ; --             ;
+-------------------------------------+-------------------------------------------------------------------+---------------+-------------+----------------+


+-------------------------------------------------------------------------------------------------------------------------------+
; Flow Elapsed Time                                                                                                             ;
+---------------------------+--------------+-------------------------+---------------------+------------------------------------+
; Module Name               ; Elapsed Time ; Average Processors Used ; Peak Virtual Memory ; Total CPU Time (on all processors) ;
+---------------------------+--------------+-------------------------+---------------------+------------------------------------+
; Analysis & Synthesis      ; 00:00:06     ; 1.0                     ; 4701 MB             ; 00:00:05                           ;
; Fitter                    ; 00:00:13     ; 2.0                     ; 5393 MB             ; 00:00:16                           ;
; Assembler                 ; 00:00:01     ; 1.0                     ; 4596 MB             ; 00:00:01                           ;
; TimeQuest Timing Analyzer ; 00:00:02     ; 1.0                     ; 4703 MB             ; 00:00:02                           ;
; EDA Netlist Writer        ; 00:00:01     ; 1.0                     ; 4563 MB             ; 00:00:01                           ;
; EDA Netlist Writer        ; 00:00:00     ; 1.0                     ; 4563 MB             ; 00:00:01                           ;
; EDA Netlist Writer        ; 00:00:01     ; 1.0                     ; 4579 MB             ; 00:00:01                           ;
; EDA Netlist Writer        ; 00:00:00     ; 1.0                     ; 4559 MB             ; 00:00:01                           ;
; EDA Netlist Writer        ; 00:00:01     ; 1.0                     ; 4579 MB             ; 00:00:01                           ;
; EDA Netlist Writer        ; 00:00:00     ; 1.0                     ; 4563 MB             ; 00:00:01                           ;
; EDA Netlist Writer        ; 00:00:01     ; 1.0                     ; 4579 MB             ; 00:00:01                           ;
; EDA Netlist Writer        ; 00:00:01     ; 1.0                     ; 4563 MB             ; 00:00:01                           ;
; EDA Netlist Writer        ; 00:00:01     ; 1.0                     ; 4579 MB             ; 00:00:01                           ;
; EDA Netlist Writer        ; 00:00:00     ; 1.0                     ; 4563 MB             ; 00:00:01                           ;
; EDA Netlist Writer        ; 00:00:01     ; 1.0                     ; 4579 MB             ; 00:00:01                           ;
; EDA Netlist Writer        ; 00:00:01     ; 1.0                     ; 4559 MB             ; 00:00:01                           ;
; EDA Netlist Writer        ; 00:00:02     ; 1.0                     ; 4575 MB             ; 00:00:02                           ;
; EDA Netlist Writer        ; 00:00:01     ; 1.0                     ; 4559 MB             ; 00:00:01                           ;
; EDA Netlist Writer        ; 00:00:01     ; 1.0                     ; 4575 MB             ; 00:00:02                           ;
; EDA Netlist Writer        ; 00:00:01     ; 1.0                     ; 4559 MB             ; 00:00:01                           ;
; EDA Netlist Writer        ; 00:00:02     ; 1.0                     ; 4575 MB             ; 00:00:02                           ;
; EDA Netlist Writer        ; 00:00:01     ; 1.0                     ; 4559 MB             ; 00:00:01                           ;
; EDA Netlist Writer        ; 00:00:02     ; 1.0                     ; 4576 MB             ; 00:00:02                           ;
; Total                     ; 00:00:40     ; --                      ; --                  ; 00:00:47                           ;
+---------------------------+--------------+-------------------------+---------------------+------------------------------------+


+----------------------------------------------------------------------------------------+
; Flow OS Summary                                                                        ;
+---------------------------+------------------+-----------+------------+----------------+
; Module Name               ; Machine Hostname ; OS Name   ; OS Version ; Processor type ;
+---------------------------+------------------+-----------+------------+----------------+
; Analysis & Synthesis      ; DESKTOP-6UDSLU8  ; Windows 7 ; 6.2        ; x86_64         ;
; Fitter                    ; DESKTOP-6UDSLU8  ; Windows 7 ; 6.2        ; x86_64         ;
; Assembler                 ; DESKTOP-6UDSLU8  ; Windows 7 ; 6.2        ; x86_64         ;
; TimeQuest Timing Analyzer ; DESKTOP-6UDSLU8  ; Windows 7 ; 6.2        ; x86_64         ;
; EDA Netlist Writer        ; DESKTOP-6UDSLU8  ; Windows 7 ; 6.2        ; x86_64         ;
; EDA Netlist Writer        ; DESKTOP-6UDSLU8  ; Windows 7 ; 6.2        ; x86_64         ;
; EDA Netlist Writer        ; DESKTOP-6UDSLU8  ; Windows 7 ; 6.2        ; x86_64         ;
; EDA Netlist Writer        ; DESKTOP-6UDSLU8  ; Windows 7 ; 6.2        ; x86_64         ;
; EDA Netlist Writer        ; DESKTOP-6UDSLU8  ; Windows 7 ; 6.2        ; x86_64         ;
; EDA Netlist Writer        ; DESKTOP-6UDSLU8  ; Windows 7 ; 6.2        ; x86_64         ;
; EDA Netlist Writer        ; DESKTOP-6UDSLU8  ; Windows 7 ; 6.2        ; x86_64         ;
; EDA Netlist Writer        ; DESKTOP-6UDSLU8  ; Windows 7 ; 6.2        ; x86_64         ;
; EDA Netlist Writer        ; DESKTOP-6UDSLU8  ; Windows 7 ; 6.2        ; x86_64         ;
; EDA Netlist Writer        ; DESKTOP-6UDSLU8  ; Windows 7 ; 6.2        ; x86_64         ;
; EDA Netlist Writer        ; DESKTOP-6UDSLU8  ; Windows 7 ; 6.2        ; x86_64         ;
; EDA Netlist Writer        ; DESKTOP-GEUFKFV  ; Windows 7 ; 6.2        ; x86_64         ;
; EDA Netlist Writer        ; DESKTOP-GEUFKFV  ; Windows 7 ; 6.2        ; x86_64         ;
; EDA Netlist Writer        ; DESKTOP-GEUFKFV  ; Windows 7 ; 6.2        ; x86_64         ;
; EDA Netlist Writer        ; DESKTOP-GEUFKFV  ; Windows 7 ; 6.2        ; x86_64         ;
; EDA Netlist Writer        ; DESKTOP-GEUFKFV  ; Windows 7 ; 6.2        ; x86_64         ;
; EDA Netlist Writer        ; DESKTOP-GEUFKFV  ; Windows 7 ; 6.2        ; x86_64         ;
; EDA Netlist Writer        ; DESKTOP-GEUFKFV  ; Windows 7 ; 6.2        ; x86_64         ;
; EDA Netlist Writer        ; DESKTOP-GEUFKFV  ; Windows 7 ; 6.2        ; x86_64         ;
+---------------------------+------------------+-----------+------------+----------------+


------------
; Flow Log ;
------------
quartus_map --read_settings_files=on --write_settings_files=off rw_96x8_sync -c rw_96x8_sync
quartus_fit --read_settings_files=off --write_settings_files=off rw_96x8_sync -c rw_96x8_sync
quartus_asm --read_settings_files=off --write_settings_files=off rw_96x8_sync -c rw_96x8_sync
quartus_sta rw_96x8_sync -c rw_96x8_sync
quartus_eda --read_settings_files=off --write_settings_files=off rw_96x8_sync -c rw_96x8_sync
quartus_eda --gen_testbench --check_outputs=on --tool=modelsim_oem --format=verilog rw_96x8_sync -c rw_96x8_sync --vector_source=D:/proyectoDig/proyectoDig/proyecto/rw_96x8_sync/Waveform5.vwf --testbench_file=D:/proyectoDig/proyectoDig/proyecto/rw_96x8_sync/simulation/qsim/Waveform5.vwf.vt
quartus_eda --functional=on --flatten_buses=off --simulation=on --tool=modelsim_oem --format=verilog --output_directory=D:/proyectoDig/proyectoDig/proyecto/rw_96x8_sync/simulation/qsim/ rw_96x8_sync -c rw_96x8_sync
quartus_eda --gen_testbench --check_outputs=on --tool=modelsim_oem --format=verilog rw_96x8_sync -c rw_96x8_sync --vector_source=D:/proyectoDig/proyectoDig/proyecto/rw_96x8_sync/Waveform5.vwf --testbench_file=D:/proyectoDig/proyectoDig/proyecto/rw_96x8_sync/simulation/qsim/Waveform5.vwf.vt
quartus_eda --functional=on --flatten_buses=off --simulation=on --tool=modelsim_oem --format=verilog --output_directory=D:/proyectoDig/proyectoDig/proyecto/rw_96x8_sync/simulation/qsim/ rw_96x8_sync -c rw_96x8_sync
quartus_eda --gen_testbench --check_outputs=on --tool=modelsim_oem --format=verilog rw_96x8_sync -c rw_96x8_sync --vector_source=D:/proyectoDig/proyectoDig/proyecto/rw_96x8_sync/Waveform5.vwf --testbench_file=D:/proyectoDig/proyectoDig/proyecto/rw_96x8_sync/simulation/qsim/Waveform5.vwf.vt
quartus_eda --functional=on --flatten_buses=off --simulation=on --tool=modelsim_oem --format=verilog --output_directory=D:/proyectoDig/proyectoDig/proyecto/rw_96x8_sync/simulation/qsim/ rw_96x8_sync -c rw_96x8_sync
quartus_eda --gen_testbench --check_outputs=on --tool=modelsim_oem --format=verilog rw_96x8_sync -c rw_96x8_sync --vector_source=D:/proyectoDig/proyectoDig/proyecto/rw_96x8_sync/Waveform5.vwf --testbench_file=D:/proyectoDig/proyectoDig/proyecto/rw_96x8_sync/simulation/qsim/Waveform5.vwf.vt
quartus_eda --functional=on --flatten_buses=off --simulation=on --tool=modelsim_oem --format=verilog --output_directory=D:/proyectoDig/proyectoDig/proyecto/rw_96x8_sync/simulation/qsim/ rw_96x8_sync -c rw_96x8_sync
quartus_eda --gen_testbench --check_outputs=on --tool=modelsim_oem --format=verilog rw_96x8_sync -c rw_96x8_sync --vector_source=D:/proyectoDig/proyectoDig/proyecto/rw_96x8_sync/Waveform5.vwf --testbench_file=D:/proyectoDig/proyectoDig/proyecto/rw_96x8_sync/simulation/qsim/Waveform5.vwf.vt
quartus_eda --functional=on --flatten_buses=off --simulation=on --tool=modelsim_oem --format=verilog --output_directory=D:/proyectoDig/proyectoDig/proyecto/rw_96x8_sync/simulation/qsim/ rw_96x8_sync -c rw_96x8_sync
quartus_eda --gen_testbench --check_outputs=on --tool=modelsim_oem --format=verilog rw_96x8_sync -c rw_96x8_sync --vector_source=C:/Users/UsuarioPC/Desktop/MARY/Semestre_6/DIG_II/DIGII_PROYECTOI/DIGII_PROYECTOI/rw_96x8_sync/Waveform6.vwf --testbench_file=C:/Users/UsuarioPC/Desktop/MARY/Semestre_6/DIG_II/DIGII_PROYECTOI/DIGII_PROYECTOI/rw_96x8_sync/simulation/qsim/Waveform6.vwf.vt
quartus_eda --functional=on --flatten_buses=off --simulation=on --tool=modelsim_oem --format=verilog --output_directory=C:/Users/UsuarioPC/Desktop/MARY/Semestre_6/DIG_II/DIGII_PROYECTOI/DIGII_PROYECTOI/rw_96x8_sync/simulation/qsim/ rw_96x8_sync -c rw_96x8_sync
quartus_eda --gen_testbench --check_outputs=on --tool=modelsim_oem --format=verilog rw_96x8_sync -c rw_96x8_sync --vector_source=C:/Users/UsuarioPC/Desktop/MARY/Semestre_6/DIG_II/DIGII_PROYECTOI/DIGII_PROYECTOI/rw_96x8_sync/Waveform6.vwf --testbench_file=C:/Users/UsuarioPC/Desktop/MARY/Semestre_6/DIG_II/DIGII_PROYECTOI/DIGII_PROYECTOI/rw_96x8_sync/simulation/qsim/Waveform6.vwf.vt
quartus_eda --functional=on --flatten_buses=off --simulation=on --tool=modelsim_oem --format=verilog --output_directory=C:/Users/UsuarioPC/Desktop/MARY/Semestre_6/DIG_II/DIGII_PROYECTOI/DIGII_PROYECTOI/rw_96x8_sync/simulation/qsim/ rw_96x8_sync -c rw_96x8_sync
quartus_eda --gen_testbench --check_outputs=on --tool=modelsim_oem --format=verilog rw_96x8_sync -c rw_96x8_sync --vector_source=C:/Users/UsuarioPC/Desktop/MARY/Semestre_6/DIG_II/DIGII_PROYECTOI/DIGII_PROYECTOI/rw_96x8_sync/Waveform6.vwf --testbench_file=C:/Users/UsuarioPC/Desktop/MARY/Semestre_6/DIG_II/DIGII_PROYECTOI/DIGII_PROYECTOI/rw_96x8_sync/simulation/qsim/Waveform6.vwf.vt
quartus_eda --functional=on --flatten_buses=off --simulation=on --tool=modelsim_oem --format=verilog --output_directory=C:/Users/UsuarioPC/Desktop/MARY/Semestre_6/DIG_II/DIGII_PROYECTOI/DIGII_PROYECTOI/rw_96x8_sync/simulation/qsim/ rw_96x8_sync -c rw_96x8_sync
quartus_eda --gen_testbench --check_outputs=on --tool=modelsim_oem --format=verilog rw_96x8_sync -c rw_96x8_sync --vector_source=C:/Users/UsuarioPC/Desktop/MARY/Semestre_6/DIG_II/DIGII_PROYECTOI/DIGII_PROYECTOI/rw_96x8_sync/Waveform6.vwf --testbench_file=C:/Users/UsuarioPC/Desktop/MARY/Semestre_6/DIG_II/DIGII_PROYECTOI/DIGII_PROYECTOI/rw_96x8_sync/simulation/qsim/Waveform6.vwf.vt
quartus_eda --functional=on --flatten_buses=off --simulation=on --tool=modelsim_oem --format=verilog --output_directory=C:/Users/UsuarioPC/Desktop/MARY/Semestre_6/DIG_II/DIGII_PROYECTOI/DIGII_PROYECTOI/rw_96x8_sync/simulation/qsim/ rw_96x8_sync -c rw_96x8_sync



